21:14:22 Simulator: auto_trans_alarm4
21:14:22 Signal being analyzed:
[[   0.   1902.96 2937.82 2512.87 2840.72 2336.33 2443.8  2547.99 2648.64
  2745.55 2838.52 2801.77 2766.64 2733.04 2700.88 2670.07]
 [   0.     16.     39.53   52.83   59.72   65.49   68.51   71.43   74.25
    76.96   79.57   78.54   77.56   76.61   75.71   74.85]]
21:14:22 range = [(0, (0, 4000, 4)), (0, (0, 70, 14))]
21:14:22 tau = 1.0
21:14:22 rho = 0
21:14:22 epsilon = 0.01
21:14:22 max_depth = 4
21:14:22 batch_size = 256
21:14:22 Initializing primitives...
21:14:39 Done. 4096 primitives.
21:14:39 Move 1. Choosing best primitive...
21:25:33 6398 rollouts to reach error 1.00%
21:25:33 G[0,15](s1<3000.00) (24325/70474=34.52%)
21:25:33 Move 2. Choosing best primitive...
00:15:36 40000 rollouts to reach error 1.58%
00:15:36 G[0,15](s1<3000.00)^F[1,4](s2>50.00) (46804/46804=100.00%)
00:15:36 F[0,4](s2>50.00)^G[0,15](s1<3000.00) (46746/46746=100.00%)
