00:15:37 Simulator: auto_trans_alarm5
00:15:37 Signal being analyzed:
[[   0.   1902.96 2937.82 2512.87 2840.72 2336.33 2443.8  2547.99 2648.64
  2745.55 2838.52 2801.77 2766.64 2733.04 2700.88 2670.07]
 [   0.     16.     39.53   52.83   59.72   65.49   68.51   71.43   74.25
    76.96   79.57   78.54   77.56   76.61   75.71   74.85]]
00:15:37 range = [(0, (0, 4000, 4)), (0, (0, 70, 14))]
00:15:37 tau = 1.0
00:15:37 rho = 0
00:15:37 epsilon = 0.01
00:15:37 max_depth = 4
00:15:37 batch_size = 256
00:15:37 Initializing primitives...
00:15:54 Done. 4096 primitives.
00:15:54 Move 1. Choosing best primitive...
00:25:30 6407 rollouts to reach error 1.00%
00:25:30 G[0,15](s1<3000.00) (44027/71551=61.53%)
00:25:30 Move 2. Choosing best primitive...
07:12:23 40000 rollouts to reach error 1.62%
07:12:23 G[0,15](s1<3000.00)^F[2,10](s2>65.00) (166739/166739=100.00%)
07:12:23 G[0,15](s1<3000.00)^F[0,10](s2>65.00) (166546/166546=100.00%)
