18:54:07 Simulator: auto_transmission5
18:54:07 Signal being analyzed:
[[   0.   1902.96 2937.82 2512.87 2840.72 2336.33 2443.8  2547.99 2648.64
  2745.55 2838.52 2801.77 2766.64 2733.04 2700.88 2670.07]
 [   0.     16.     39.53   52.83   59.72   65.49   68.51   71.43   74.25
    76.96   79.57   78.54   77.56   76.61   75.71   74.85]]
18:54:07 range = [(0, (0, 4000, 4)), (0, (0, 70, 14))]
18:54:07 tau = 1.0
18:54:07 rho = 0
18:54:07 epsilon = 0.01
18:54:07 max_depth = 4
18:54:07 batch_size = 256
18:54:07 Initializing primitives...
18:54:25 Done. 4096 primitives.
18:54:25 Move 1. Choosing best primitive...
19:05:31 6522 rollouts to reach error 1.00%
19:05:31 G[1,15](s1<3000.00) (26223/72893=35.97%)
19:05:31 Move 2. Choosing best primitive...
21:14:20 33182 rollouts to reach error 1.00%
21:14:20 G[1,15](s1<3000.00)^G[2,13](s2>35.00) (12991/12991=100.00%)
21:14:20 G[2,9](s2>35.00)^G[1,15](s1<3000.00) (12655/12655=100.00%)
21:14:20 G[2,8](s2>35.00)^G[1,15](s1<3000.00) (12664/12664=100.00%)
21:14:20 G[2,4](s2>35.00)^G[1,15](s1<3000.00) (12699/12699=100.00%)
21:14:20 F[2,2](s2>35.00)^G[1,15](s1<3000.00) (12695/12695=100.00%)
21:14:20 G[1,15](s1<3000.00)^F[1,2](s2>35.00) (12600/12600=100.00%)
21:14:20 F[0,2](s2>35.00)^G[1,15](s1<3000.00) (12603/12603=100.00%)
