01:30:02 INFO  Signal and output to explain:
[[3594.35 3510.1  3461.27 3440.55]
 [   1.51    1.64    1.76    1.87]
 [  -1.2    -1.15   -1.1    -1.07]] => 2
01:30:02 INFO  Initializing primitives...
01:30:02 INFO  Done. 328 primitives.
01:30:02 INFO  Choosing best primitive...
 Iter 2046 Error 1.50%   
01:34:09 INFO  G[-4,-1](s1<4000.00) (6723/11776=57.09%)
01:34:09 INFO  G[-4,-1](s1<5000.00) (6733/11808=57.02%)
01:34:09 INFO  G[-2,-1](s1<4000.00) (6786/11904=57.01%)
01:34:09 INFO  G[-3,-1](s1<4000.00) (6744/11840=56.96%)
01:34:09 INFO  G[-3,-1](s1<7000.00) (6716/11792=56.95%)
01:34:09 INFO  G[-4,-1](s2<1.96) (7/80=8.75%)
01:34:09 INFO  G[-3,-2](s2<1.96) (12/160=7.50%)
01:34:09 INFO  F[-4,-3](s2<1.57) (8/112=7.14%)
01:34:09 INFO  G[-2,-1](s2<1.96) (10/144=6.94%)
01:34:09 INFO  F[-4,-3](s2<1.96) (7/144=4.86%)
01:34:09 INFO  Choosing best primitive...
 Iter 1510 Error 1.50%  
01:47:08 INFO  G[-3,-2](s2>1.57)^G[-4,-1](s1<4000.00) (9775/11776=83.01%)
01:47:08 INFO  G[-4,-1](s1<4000.00)^F[-2,-2](s2>1.57) (14329/17472=82.01%)
01:47:08 INFO  F[-3,-3](s2>1.57)^G[-4,-1](s1<4000.00) (14221/17344=81.99%)
01:47:08 INFO  F[-3,-2](s2>1.57)^G[-4,-1](s1<4000.00) (14310/17456=81.98%)
01:47:08 INFO  F[-4,-2](s2>1.57)^G[-4,-1](s1<4000.00) (15382/18768=81.96%)
01:47:08 INFO  F[-2,-2](s2<1.96)^G[-4,-1](s1<4000.00) (0/16=0.00%)
01:47:08 INFO  G[-3,-2](s2<1.96)^G[-4,-1](s1<4000.00) (0/16=0.00%)
01:47:08 INFO  F[-4,-2](s2<1.57)^G[-4,-1](s1<4000.00) (0/16=0.00%)
01:47:08 INFO  G[-4,-1](s1<4000.00)^F[-4,-1](s2<2.36) (0/16=0.00%)
01:47:08 INFO  F[-4,-4](s2<1.96)^G[-4,-1](s1<4000.00) (0/16=0.00%)
01:47:08 INFO  Choosing best primitive...
 Iter 1273 Error 1.50%  
02:14:39 INFO  G[-3,-2](s2>1.57)^G[-4,-2](s1>3000.00)^G[-4,-1](s1<4000.00) (11171/11776=94.86%)
02:14:39 INFO  G[-3,-2](s2>1.57)^G[-4,-1](s1<4000.00)^F[-4,-1](s1>3000.00) (17578/18592=94.55%)
02:14:39 INFO  G[-3,-2](s2>1.57)^G[-4,-1](s1<4000.00)^G[-4,-3](s1>3000.00) (17018/18000=94.54%)
02:14:39 INFO  G[-3,-2](s2>1.57)^G[-4,-1](s1<4000.00)^F[-4,-3](s1>3000.00) (17063/18048=94.54%)
02:14:39 INFO  G[-3,-2](s2>1.57)^F[-4,-4](s1>3000.00)^G[-4,-1](s1<4000.00) (17031/18016=94.53%)
02:14:39 INFO  G[-3,-2](s2>1.57)^G[-4,-1](s1<4000.00)^G[-4,-3](s3<-0.79) (256/352=72.73%)
02:14:39 INFO  G[-3,-2](s2>1.57)^F[-4,-3](s2<1.96)^G[-4,-1](s1<4000.00) (568/784=72.45%)
02:14:39 INFO  G[-3,-2](s2>1.57)^F[-4,-3](s2<1.57)^G[-4,-1](s1<4000.00) (5/16=31.25%)
02:14:39 INFO  G[-3,-2](s2>1.57)^F[-4,-1](s2<1.57)^G[-4,-1](s1<4000.00) (5/16=31.25%)
02:14:39 INFO  G[-3,-2](s2>1.57)^F[-4,-2](s2<1.57)^G[-4,-1](s1<4000.00) (2/16=12.50%)
02:14:39 INFO  Choosing best primitive...
 Iter 2270 Error 1.50%  
03:44:32 INFO  G[-3,-2](s2>1.57)^G[-4,-2](s1>3000.00)^G[-4,-1](s1<4000.00)^F[-2,-1](s3>-1.18) (11930/12016=99.28%)
03:44:32 INFO  F[-2,-2](s3>-1.18)^G[-3,-2](s2>1.57)^G[-4,-1](s1<4000.00)^G[-4,-2](s1>3000.00) (11882/11968=99.28%)
03:44:32 INFO  G[-3,-2](s2>1.57)^G[-4,-1](s1<4000.00)^G[-4,-2](s1>3000.00)^G[-2,-1](s3>-1.18) (11691/11776=99.28%)
03:44:32 INFO  G[-3,-2](s2>1.57)^F[-3,-1](s3>-1.18)^G[-4,-1](s1<4000.00)^G[-4,-2](s1>3000.00) (11943/12032=99.26%)
03:44:32 INFO  G[-3,-2](s2>1.57)^G[-4,-2](s1>3000.00)^G[-4,-1](s1<4000.00)^F[-4,-1](s3>-1.18) (23058/23232=99.25%)
03:44:32 INFO  G[-4,-2](s1>3000.00)^G[-3,-2](s2>1.57)^G[-4,-1](s1<4000.00)^F[-4,-2](s3<-0.79) (1175/1296=90.66%)
03:44:32 INFO  G[-3,-2](s2>1.57)^G[-4,-1](s1<4000.00)^G[-4,-2](s1>3000.00)^F[-3,-1](s3<-0.79) (753/832=90.50%)
03:44:32 INFO  G[-3,-2](s2>1.57)^G[-4,-2](s1>3000.00)^G[-4,-1](s1<4000.00)^G[-4,-3](s3<-0.79) (1129/1248=90.46%)
03:44:32 INFO  G[-3,-2](s2>1.57)^G[-4,-1](s1<4000.00)^F[-4,-4](s3<-0.79)^G[-4,-2](s1>3000.00) (1128/1248=90.38%)
03:44:32 INFO  G[-3,-2](s2>1.57)^G[-4,-2](s1>3000.00)^G[-4,-1](s1<4000.00)^F[-2,-2](s3<-0.79) (1142/1264=90.35%)