00:37:40 INFO  Signal and output to explain:
[[4731.   4480.11 4249.95 4043.38 3863.36 3712.8  3594.35 3510.1  3461.27
  3440.55]
 [   0.87    0.96    1.06    1.16    1.27    1.39    1.51    1.64    1.76
     1.87]
 [  -1.52   -1.47   -1.41   -1.36   -1.31   -1.26   -1.2    -1.15   -1.1
    -1.07]] => 2
00:37:40 INFO  Initializing primitives...
00:37:47 INFO  Done. 2640 primitives.
00:37:47 INFO  Choosing best primitive...
 Iter 6151 Error 2.00%    
00:45:17 INFO  G[-8,-2](s2>0.94) (4122/6624=62.23%)
00:45:17 INFO  G[-8,-6](s2>0.94) (4685/7632=61.39%)
00:45:17 INFO  G[-8,-5](s2>0.94) (4734/7712=61.38%)
00:45:17 INFO  G[-8,-4](s2>0.94) (4792/7808=61.37%)
00:45:17 INFO  G[-6,-2](s2>0.94) (4810/7840=61.35%)
00:45:17 INFO  Choosing best primitive...
 Iter 6096 Error 2.00%    
01:10:26 INFO  G[-8,-2](s2>0.94)^G[-5,-1](s1>3200.00) (6473/6880=94.08%)
01:10:26 INFO  G[-8,-2](s2>0.94)^G[-4,-1](s1>3200.00) (6517/6928=94.07%)
01:10:26 INFO  G[-8,-2](s2>0.94)^F[-2,-1](s1>3200.00) (6426/6832=94.06%)
01:10:26 INFO  G[-8,-2](s2>0.94)^G[-3,-1](s1>3200.00) (6516/6928=94.05%)
01:10:26 INFO  G[-8,-2](s2>0.94)^G[-8,-1](s1>3200.00) (6290/6688=94.05%)
01:10:26 INFO  Choosing best primitive...
 Iter 7840 Error 2.00%    
02:49:34 INFO  G[-8,-2](s2>0.94)^G[-5,-1](s1>3200.00)^F[-9,-3](s2>1.57) (6704/6704=100.00%)
02:49:34 INFO  G[-8,-2](s2>0.94)^F[-10,-3](s2>1.57)^G[-5,-1](s1>3200.00) (6704/6704=100.00%)
02:49:34 INFO  G[-8,-2](s2>0.94)^F[-5,-3](s2>1.57)^G[-5,-1](s1>3200.00) (6688/6688=100.00%)
02:49:34 INFO  G[-8,-2](s2>0.94)^G[-5,-1](s1>3200.00)^F[-7,-3](s2>1.57) (6688/6688=100.00%)
02:49:34 INFO  G[-8,-2](s2>0.94)^F[-8,-3](s2>1.57)^G[-5,-1](s1>3200.00) (6688/6688=100.00%)