18:23:40 INFO  Signal and output to explain:
[[1. 1. 1. 1. 1. 2. 2. 2. 2. 2. 3. 3. 3. 3. 3. 3. 3. 3. 3. 3. 4. 4. 4. 4.]] => Engine speed remains < 5000 rpm
18:23:40 INFO  Initializing primitives...
18:23:40 INFO  Done. 686 primitives.
18:23:40 INFO  Choosing best primitive...
 Iter 3597 Error 1.00%   
18:24:30 INFO  G[10,19](s1=3) (11417/26496=43.09%)
18:24:30 INFO  G[10,18](s1=3) (11416/26496=43.09%)
18:24:30 INFO  G[10,17](s1=3) (11414/26496=43.08%)
18:24:30 INFO  F[10,11](s1=3) (11400/26464=43.08%)
18:24:30 INFO  G[10,12](s1=3) (11400/26464=43.08%)
18:24:30 INFO  Choosing best primitive...
 Iter 1793 Error 1.00%  
18:25:05 INFO  G[20,23](s1=4)^G[10,19](s1=3) (20776/26496=78.41%)
18:25:05 INFO  G[21,23](s1=4)^G[10,19](s1=3) (20769/26496=78.39%)
18:25:05 INFO  G[22,23](s1=4)^G[10,19](s1=3) (20743/26464=78.38%)
18:25:05 INFO  G[20,22](s1=4)^G[10,19](s1=3) (20983/26784=78.34%)
18:25:05 INFO  G[20,21](s1=4)^G[10,19](s1=3) (20913/26704=78.31%)
18:25:05 INFO  Choosing best primitive...
 Iter 1082 Error 1.00%  
18:25:24 INFO  G[6,9](s1=2)^G[20,23](s1=4)^G[10,19](s1=3) (26512/26512=100.00%)
18:25:24 INFO  G[5,9](s1=2)^G[20,23](s1=4)^G[10,19](s1=3) (26496/26496=100.00%)
18:25:24 INFO  G[20,23](s1=4)^G[10,19](s1=3)^G[7,9](s1=2) (26493/26496=99.99%)
18:25:24 INFO  G[5,8](s1=2)^G[20,23](s1=4)^G[10,19](s1=3) (26474/26480=99.98%)
18:25:24 INFO  G[20,23](s1=4)^G[10,19](s1=3)^G[5,7](s1=2) (26424/26432=99.97%)