13:25:29 INFO  Signal being analyzed:
[[   0.   1902.96 2937.82 2512.87 2840.72 2336.33 2443.8  2547.99 2648.64
  2745.55 2838.52 2801.77 2766.64 2733.04 2700.88 2670.07]
 [   0.     16.     39.53   52.83   59.72   65.49   68.51   71.43   74.25
    76.96   79.57   78.54   77.56   76.61   75.71   74.85]]
13:25:29 INFO  Initializing primitives...
13:25:41 INFO  Done. 3536 primitives.
13:25:41 INFO  Move 1. Choosing best primitive...
13:38:50 INFO  G[0,15](s1<3000.00) (28244/65629=43.04%) (65629/1049216=6.26%)
13:38:50 INFO  Move 2. Choosing best primitive...
14:07:40 INFO  G[0,15](s1<3000.00)^F[2,4](s2>55.00) (10889/10889=100.00%) (10889/681600=1.60%)
14:07:40 INFO  G[0,15](s1<3000.00)^F[1,4](s2>55.00) (10892/10892=100.00%) (10892/681984=1.60%)
14:07:40 INFO  F[0,4](s2>55.00)^G[0,15](s1<3000.00) (10895/10895=100.00%) (10895/682752=1.60%)
14:07:40 INFO  F[3,4](s2>55.00)^G[0,15](s1<3000.00) (10887/10887=100.00%) (10887/687616=1.58%)
14:07:40 INFO  G[0,15](s1<3000.00)^G[4,13](s2>55.00) (10894/10894=100.00%) (10894/718592=1.52%)
14:07:40 INFO  G[4,10](s2>55.00)^G[0,15](s1<3000.00) (10898/10898=100.00%) (10898/719232=1.52%)
14:07:40 INFO  G[4,12](s2>55.00)^G[0,15](s1<3000.00) (10890/10890=100.00%) (10890/718720=1.52%)
14:07:40 INFO  G[4,8](s2>55.00)^G[0,15](s1<3000.00) (10900/10900=100.00%) (10900/719488=1.51%)
14:07:40 INFO  G[0,15](s1<3000.00)^G[4,5](s2>55.00) (10896/10896=100.00%) (10896/719232=1.51%)
14:07:40 INFO  G[0,15](s1<3000.00)^G[4,14](s2>55.00) (10890/10890=100.00%) (10890/718848=1.51%)
14:07:40 INFO  G[0,15](s1<3000.00)^G[4,7](s2>55.00) (10895/10895=100.00%) (10895/719232=1.51%)
14:07:40 INFO  G[0,15](s1<3000.00)^G[4,6](s2>55.00) (10893/10893=100.00%) (10893/719360=1.51%)
14:07:40 INFO  G[4,9](s2>55.00)^G[0,15](s1<3000.00) (10892/10892=100.00%) (10892/719360=1.51%)
14:07:40 INFO  F[4,4](s2>55.00)^G[0,15](s1<3000.00) (10921/10921=100.00%) (10921/721792=1.51%)
14:07:40 INFO  G[4,11](s2>55.00)^G[0,15](s1<3000.00) (10902/10902=100.00%) (10902/720768=1.51%)
14:07:40 INFO  G[0,15](s1<3000.00)^G[4,15](s2>55.00) (10886/10886=100.00%) (10886/727296=1.50%)
14:07:40 INFO  F[2,4](s2>50.00)^G[0,15](s1<3000.00) (21713/21713=100.00%) (21713/1906816=1.14%)
14:07:40 INFO  F[0,4](s2>50.00)^G[0,15](s1<3000.00) (21766/21766=100.00%) (21766/1913984=1.14%)
14:07:40 INFO  G[0,15](s1<3000.00)^F[1,4](s2>50.00) (21757/21757=100.00%) (21757/1913472=1.14%)
14:07:40 INFO  F[3,4](s2>50.00)^G[0,15](s1<3000.00) (21711/21711=100.00%) (21711/2011520=1.08%)
14:07:40 INFO  G[0,15](s1<3000.00)^F[4,4](s2>50.00) (21866/21866=100.00%) (21866/2056704=1.06%)
14:07:40 INFO  G[0,15](s1<3000.00)^G[4,5](s2>50.00) (21805/21805=100.00%) (21805/2052608=1.06%)
14:07:40 INFO  G[0,15](s1<3000.00)^G[4,8](s2>50.00) (21788/21788=100.00%) (21788/2052096=1.06%)
14:07:40 INFO  G[0,15](s1<3000.00)^G[4,6](s2>50.00) (21799/21799=100.00%) (21799/2053248=1.06%)
14:07:40 INFO  G[4,11](s2>50.00)^G[0,15](s1<3000.00) (21777/21777=100.00%) (21777/2051328=1.06%)
14:07:40 INFO  G[0,15](s1<3000.00)^G[4,7](s2>50.00) (21805/21805=100.00%) (21805/2054016=1.06%)
14:07:40 INFO  G[4,12](s2>50.00)^G[0,15](s1<3000.00) (21809/21809=100.00%) (21809/2054400=1.06%)
14:07:40 INFO  G[4,9](s2>50.00)^G[0,15](s1<3000.00) (21785/21785=100.00%) (21785/2052352=1.06%)
14:07:40 INFO  G[4,10](s2>50.00)^G[0,15](s1<3000.00) (21780/21780=100.00%) (21780/2052224=1.06%)
14:07:40 INFO  G[4,13](s2>50.00)^G[0,15](s1<3000.00) (21765/21765=100.00%) (21765/2050816=1.06%)
14:07:40 INFO  G[0,15](s1<3000.00)^G[4,14](s2>50.00) (21759/21759=100.00%) (21759/2050944=1.06%)
14:07:40 INFO  G[0,15](s1<3000.00)^G[4,15](s2>50.00) (21716/21716=100.00%) (21716/2049920=1.06%)
14:07:40 INFO  F[1,3](s2>50.00)^G[0,15](s1<3000.00) (10890/10890=100.00%) (10890/1234176=0.88%)
14:07:40 INFO  G[0,15](s1<3000.00)^F[0,3](s2>50.00) (10891/10891=100.00%) (10891/1234816=0.88%)
14:07:40 INFO  G[0,15](s1<3000.00)^F[2,3](s2>50.00) (10888/10888=100.00%) (10888/1234688=0.88%)
14:07:40 INFO  G[0,15](s1<3000.00)^G[3,13](s2>45.00) (10909/10909=100.00%) (10909/1335680=0.82%)
14:07:40 INFO  G[0,15](s1<3000.00)^G[3,15](s2>45.00) (10902/10902=100.00%) (10902/1335424=0.82%)
14:07:40 INFO  G[0,15](s1<3000.00)^G[3,6](s2>50.00) (10920/10920=100.00%) (10920/1338240=0.82%)
14:07:40 INFO  G[0,15](s1<3000.00)^G[3,4](s2>50.00) (10914/10914=100.00%) (10914/1337600=0.82%)
14:07:40 INFO  G[0,15](s1<3000.00)^G[3,14](s2>50.00) (10902/10902=100.00%) (10902/1336448=0.82%)
14:07:40 INFO  G[0,15](s1<3000.00)^F[3,3](s2>50.00) (10899/10899=100.00%) (10899/1336192=0.82%)
14:07:40 INFO  G[0,15](s1<3000.00)^G[3,7](s2>50.00) (10897/10897=100.00%) (10897/1336064=0.82%)
14:07:40 INFO  G[0,15](s1<3000.00)^G[3,15](s2>50.00) (10887/10887=100.00%) (10887/1334912=0.82%)
14:07:40 INFO  G[0,15](s1<3000.00)^G[3,8](s2>50.00) (10899/10899=100.00%) (10899/1336448=0.82%)
14:07:40 INFO  G[0,15](s1<3000.00)^G[3,11](s2>50.00) (10898/10898=100.00%) (10898/1336448=0.82%)
14:07:40 INFO  G[0,15](s1<3000.00)^G[3,5](s2>50.00) (10916/10916=100.00%) (10916/1338880=0.82%)
14:07:40 INFO  G[0,15](s1<3000.00)^G[3,13](s2>50.00) (10898/10898=100.00%) (10898/1336704=0.82%)
14:07:40 INFO  G[0,15](s1<3000.00)^G[3,9](s2>50.00) (10897/10897=100.00%) (10897/1336832=0.82%)
14:07:40 INFO  G[0,15](s1<3000.00)^G[3,12](s2>50.00) (10900/10900=100.00%) (10900/1337984=0.81%)
14:07:40 INFO  G[0,15](s1<3000.00)^G[3,10](s2>50.00) (10911/10911=100.00%) (10911/1340160=0.81%)