14:45:10 INFO  Signal and output to explain:
[[108.62 110.56 112.45 117.48]
 [  0.42   0.41   0.4    1.  ]
 [  4.     4.     4.     4.  ]] => 2
14:45:10 INFO  Initializing primitives...
14:45:10 INFO  Done. 447 primitives.
14:45:10 INFO  Choosing best primitive...
 Iter 1517 Error 1.50%   
14:46:40 INFO  F[-1,-1](s2>0.90) (8434/11776=71.62%)
14:46:40 INFO  F[-1,-1](s2>0.70) (8432/11776=71.60%)
14:46:40 INFO  F[-1,-1](s2>0.80) (8454/11808=71.60%)
14:46:40 INFO  Choosing best primitive...
 Iter 1754 Error 1.50%  
14:51:38 INFO  F[-1,-1](s2>0.90)^G[-4,-2](s1<120.00) (9945/11776=84.45%)
14:51:38 INFO  G[-4,-3](s1<120.00)^F[-1,-1](s2>0.90) (12078/14416=83.78%)
14:51:38 INFO  F[-3,-2](s1<120.00)^F[-1,-1](s2>0.90) (12220/14592=83.74%)
14:51:38 INFO  Choosing best primitive...
 Iter 3072 Error 1.50%  
15:16:25 INFO  G[-4,-2](s1<120.00)^F[-2,-2](s1>100.00)^F[-1,-1](s2>0.90) (34720/34720=100.00%)
15:16:25 INFO  G[-4,-2](s1<120.00)^F[-4,-2](s1>100.00)^F[-1,-1](s2>0.90) (34624/34624=100.00%)
15:16:25 INFO  G[-4,-2](s1<120.00)^F[-3,-2](s1>100.00)^F[-1,-1](s2>0.90) (33728/33728=100.00%)