23:07:53 INFO  Signal being analyzed:
[[   0.   1902.96 2937.82 2512.87 2840.72 2336.33 2443.8  2547.99 2648.64
  2745.55 2838.52 2801.77 2766.64 2733.04 2700.88 2670.07]
 [   0.     16.     39.53   52.83   59.72   65.49   68.51   71.43   74.25
    76.96   79.57   78.54   77.56   76.61   75.71   74.85]]
23:07:53 INFO  Initializing primitives...
23:08:05 INFO  Done. 3536 primitives.
23:08:05 INFO  Move 1. Choosing best primitive...
23:19:56 INFO  G[0,15](s1<3000.00) (28387/65635=43.25%) (65635/899072=7.30%)
23:19:56 INFO  Move 2. Choosing best primitive...
23:42:33 INFO  F[0,2](s2>35.00)^G[0,15](s1<3000.00) (10897/10897=100.00%) (10897/256768=4.24%)
23:42:33 INFO  F[1,2](s2>35.00)^G[0,15](s1<3000.00) (10893/10893=100.00%) (10893/260864=4.18%)
23:42:33 INFO  G[0,15](s1<3000.00)^G[2,4](s2>35.00) (10929/10929=100.00%) (10929/263680=4.14%)
23:42:33 INFO  G[0,15](s1<3000.00)^G[2,7](s2>35.00) (10939/10939=100.00%) (10939/263936=4.14%)
23:42:33 INFO  G[2,9](s2>35.00)^G[0,15](s1<3000.00) (10895/10895=100.00%) (10895/262912=4.14%)
23:42:33 INFO  G[2,11](s2>35.00)^G[0,15](s1<3000.00) (10910/10910=100.00%) (10910/263296=4.14%)
23:42:33 INFO  G[2,5](s2>35.00)^G[0,15](s1<3000.00) (10952/10952=100.00%) (10952/264320=4.14%)
23:42:33 INFO  G[0,15](s1<3000.00)^G[2,3](s2>35.00) (10924/10924=100.00%) (10924/263680=4.14%)
23:42:33 INFO  G[2,6](s2>35.00)^G[0,15](s1<3000.00) (10938/10938=100.00%) (10938/264192=4.14%)
23:42:33 INFO  G[2,13](s2>35.00)^G[0,15](s1<3000.00) (10906/10906=100.00%) (10906/263424=4.14%)
23:42:33 INFO  G[2,14](s2>35.00)^G[0,15](s1<3000.00) (10890/10890=100.00%) (10890/263040=4.14%)
23:42:33 INFO  G[0,15](s1<3000.00)^G[2,10](s2>35.00) (10917/10917=100.00%) (10917/263808=4.14%)
23:42:33 INFO  G[0,15](s1<3000.00)^G[2,12](s2>35.00) (10896/10896=100.00%) (10896/263552=4.13%)
23:42:33 INFO  G[2,8](s2>35.00)^G[0,15](s1<3000.00) (10931/10931=100.00%) (10931/264576=4.13%)
23:42:33 INFO  F[2,2](s2>35.00)^G[0,15](s1<3000.00) (10893/10893=100.00%) (10893/263808=4.13%)
23:42:33 INFO  G[0,15](s1<3000.00)^G[2,15](s2>35.00) (10887/10887=100.00%) (10887/266496=4.09%)
23:42:33 INFO  G[0,15](s1<3000.00)^F[2,3](s2>50.00) (10883/10883=100.00%) (10883/1214336=0.90%)
23:42:33 INFO  G[0,15](s1<3000.00)^F[0,3](s2>50.00) (10891/10891=100.00%) (10891/1216512=0.90%)
23:42:33 INFO  F[1,3](s2>50.00)^G[0,15](s1<3000.00) (10884/10884=100.00%) (10884/1215744=0.90%)
23:42:33 INFO  G[0,15](s1<3000.00)^G[3,8](s2>45.00) (10923/10923=100.00%) (10923/1333632=0.82%)
23:42:33 INFO  G[0,15](s1<3000.00)^G[3,10](s2>45.00) (10926/10926=100.00%) (10926/1334400=0.82%)
23:42:33 INFO  G[0,15](s1<3000.00)^G[3,6](s2>45.00) (10915/10915=100.00%) (10915/1333888=0.82%)
23:42:33 INFO  G[0,15](s1<3000.00)^G[3,12](s2>45.00) (10911/10911=100.00%) (10911/1333760=0.82%)
23:42:33 INFO  G[0,15](s1<3000.00)^G[3,14](s2>45.00) (10901/10901=100.00%) (10901/1332864=0.82%)
23:42:33 INFO  G[0,15](s1<3000.00)^G[3,11](s2>45.00) (10892/10892=100.00%) (10892/1331840=0.82%)
23:42:33 INFO  G[0,15](s1<3000.00)^G[3,5](s2>50.00) (10910/10910=100.00%) (10910/1334144=0.82%)
23:42:33 INFO  G[0,15](s1<3000.00)^G[3,10](s2>50.00) (10899/10899=100.00%) (10899/1332992=0.82%)
23:42:33 INFO  G[0,15](s1<3000.00)^G[3,7](s2>50.00) (10909/10909=100.00%) (10909/1334400=0.82%)
23:42:33 INFO  G[0,15](s1<3000.00)^G[3,15](s2>45.00) (10895/10895=100.00%) (10895/1332736=0.82%)
23:42:33 INFO  G[0,15](s1<3000.00)^G[3,6](s2>50.00) (10905/10905=100.00%) (10905/1334144=0.82%)
23:42:33 INFO  G[0,15](s1<3000.00)^G[3,9](s2>50.00) (10893/10893=100.00%) (10893/1332736=0.82%)
23:42:33 INFO  G[0,15](s1<3000.00)^F[3,3](s2>50.00) (10902/10902=100.00%) (10902/1333888=0.82%)
23:42:33 INFO  G[0,15](s1<3000.00)^G[3,13](s2>45.00) (10888/10888=100.00%) (10888/1332224=0.82%)
23:42:33 INFO  G[0,15](s1<3000.00)^G[3,12](s2>50.00) (10892/10892=100.00%) (10892/1332736=0.82%)
23:42:33 INFO  G[0,15](s1<3000.00)^G[3,11](s2>50.00) (10892/10892=100.00%) (10892/1332736=0.82%)
23:42:33 INFO  G[0,15](s1<3000.00)^G[3,13](s2>50.00) (10889/10889=100.00%) (10889/1332480=0.82%)
23:42:33 INFO  G[0,15](s1<3000.00)^G[3,8](s2>50.00) (10903/10903=100.00%) (10903/1334272=0.82%)
23:42:33 INFO  G[0,15](s1<3000.00)^G[3,4](s2>50.00) (10907/10907=100.00%) (10907/1334912=0.82%)
23:42:33 INFO  G[0,15](s1<3000.00)^G[3,15](s2>50.00) (10885/10885=100.00%) (10885/1332224=0.82%)
23:42:33 INFO  G[0,15](s1<3000.00)^G[3,14](s2>50.00) (10891/10891=100.00%) (10891/1333120=0.82%)