11:26:27 INFO  Signal and output to explain:
[[101.74 103.72 105.66 107.56 112.57]
 [  0.43   0.42   0.41   0.4    1.  ]
 [  4.     4.     4.     4.     4.  ]] => 3
11:26:27 INFO  Initializing primitives...
11:26:27 INFO  Done. 408 primitives.
11:26:27 INFO  Choosing best primitive...
 Iter 1345 Error 1.50%   
11:28:31 INFO  F[-1,-1](s2>0.90) (10997/11776=93.38%)
11:28:31 INFO  F[-1,-1](s2>0.80) (11026/11808=93.38%)
11:28:31 INFO  F[-1,-1](s2>0.70) (11055/11840=93.37%)
11:28:31 INFO  F[-1,-1](s2>0.60) (11078/11872=93.31%)
11:28:31 INFO  F[-1,-1](s2>0.40) (10907/11696=93.25%)
11:28:31 INFO  Choosing best primitive...
 Iter 1632 Error 1.50%  
11:42:13 INFO  G[-3,-1](s1<125.00)^F[-1,-1](s2>0.90) (11869/11888=99.84%)
11:42:13 INFO  F[-2,-1](s1<125.00)^F[-1,-1](s2>0.90) (11853/11872=99.84%)
11:42:13 INFO  G[-2,-1](s1<125.00)^F[-1,-1](s2>0.90) (11853/11872=99.84%)
11:42:13 INFO  F[-1,-1](s2>0.90)^G[-5,-1](s1<125.00) (11757/11776=99.84%)
11:42:13 INFO  F[-1,-1](s2>0.90)^F[-1,-1](s1<125.00) (11836/11856=99.83%)