14:31:37 INFO  Signal being analyzed:
[[   0.   1902.96 2937.82 2512.87 2840.72 2336.33 2443.8  2547.99 2648.64
  2745.55 2838.52 2801.77 2766.64 2733.04 2700.88 2670.07]
 [   0.     16.     39.53   52.83   59.72   65.49   68.51   71.43   74.25
    76.96   79.57   78.54   77.56   76.61   75.71   74.85]]
14:31:37 INFO  Initializing primitives...
14:31:49 INFO  Done. 3536 primitives.
14:31:49 INFO  Move 1. Choosing best primitive...
14:41:08 INFO  G[0,15](s1<3000.00) (42302/64249=65.84%) (64249/657280=9.77%)
14:41:08 INFO  Move 2. Choosing best primitive...
15:09:05 INFO  G[0,15](s1<3000.00)^F[0,10](s2>65.00) (11012/11012=100.00%) (11012/1120512=0.98%)
15:09:05 INFO  F[1,10](s2>65.00)^G[0,15](s1<3000.00) (11009/11009=100.00%) (11009/1120640=0.98%)
15:09:05 INFO  F[2,10](s2>65.00)^G[0,15](s1<3000.00) (10998/10998=100.00%) (10998/1119872=0.98%)
15:09:05 INFO  G[0,15](s1<3000.00)^F[1,9](s2>65.00) (10974/10974=100.00%) (10974/1120256=0.98%)
15:09:05 INFO  G[0,15](s1<3000.00)^F[0,9](s2>65.00) (10973/10973=100.00%) (10973/1120384=0.98%)
15:09:05 INFO  G[0,15](s1<3000.00)^F[2,9](s2>65.00) (10965/10965=100.00%) (10965/1120384=0.98%)
15:09:05 INFO  G[0,15](s1<3000.00)^F[4,10](s2>65.00) (10944/10944=100.00%) (10944/1118464=0.98%)
15:09:05 INFO  F[0,8](s2>65.00)^G[0,15](s1<3000.00) (10973/10973=100.00%) (10973/1121536=0.98%)
15:09:05 INFO  F[4,9](s2>65.00)^G[0,15](s1<3000.00) (10945/10945=100.00%) (10945/1119616=0.98%)
15:09:05 INFO  G[0,15](s1<3000.00)^F[5,9](s2>65.00) (10940/10940=100.00%) (10940/1119232=0.98%)
15:09:05 INFO  G[0,15](s1<3000.00)^F[3,9](s2>65.00) (10937/10937=100.00%) (10937/1119872=0.98%)
15:09:05 INFO  F[5,10](s2>65.00)^G[0,15](s1<3000.00) (10913/10913=100.00%) (10913/1117696=0.98%)
15:09:05 INFO  G[0,15](s1<3000.00)^F[4,8](s2>65.00) (10928/10928=100.00%) (10928/1119360=0.98%)
15:09:05 INFO  F[4,7](s2>65.00)^G[0,15](s1<3000.00) (10922/10922=100.00%) (10922/1119360=0.98%)
15:09:05 INFO  G[0,15](s1<3000.00)^F[2,8](s2>65.00) (10926/10926=100.00%) (10926/1119872=0.98%)
15:09:05 INFO  G[0,15](s1<3000.00)^F[3,10](s2>65.00) (10903/10903=100.00%) (10903/1117568=0.98%)
15:09:05 INFO  F[1,8](s2>65.00)^G[0,15](s1<3000.00) (10913/10913=100.00%) (10913/1119616=0.97%)
15:09:05 INFO  F[1,7](s2>65.00)^G[0,15](s1<3000.00) (10917/10917=100.00%) (10917/1120256=0.97%)
15:09:05 INFO  F[3,8](s2>65.00)^G[0,15](s1<3000.00) (10907/10907=100.00%) (10907/1119360=0.97%)
15:09:05 INFO  F[0,7](s2>65.00)^G[0,15](s1<3000.00) (10928/10928=100.00%) (10928/1121536=0.97%)
15:09:05 INFO  F[2,7](s2>65.00)^G[0,15](s1<3000.00) (10905/10905=100.00%) (10905/1119232=0.97%)
15:09:05 INFO  F[3,7](s2>65.00)^G[0,15](s1<3000.00) (10917/10917=100.00%) (10917/1120640=0.97%)
15:09:05 INFO  G[0,15](s1<3000.00)^F[5,7](s2>65.00) (10909/10909=100.00%) (10909/1120000=0.97%)
15:09:05 INFO  F[5,8](s2>65.00)^G[0,15](s1<3000.00) (10903/10903=100.00%) (10903/1119488=0.97%)
15:09:05 INFO  F[5,6](s2>65.00)^G[0,15](s1<3000.00) (10891/10891=100.00%) (10891/1118848=0.97%)
15:09:05 INFO  G[0,15](s1<3000.00)^F[1,6](s2>65.00) (10897/10897=100.00%) (10897/1119616=0.97%)
15:09:05 INFO  G[0,15](s1<3000.00)^F[4,6](s2>65.00) (10894/10894=100.00%) (10894/1119744=0.97%)
15:09:05 INFO  F[2,6](s2>65.00)^G[0,15](s1<3000.00) (10901/10901=100.00%) (10901/1120640=0.97%)
15:09:05 INFO  G[0,15](s1<3000.00)^F[3,6](s2>65.00) (10896/10896=100.00%) (10896/1120512=0.97%)
15:09:05 INFO  G[0,15](s1<3000.00)^F[0,6](s2>65.00) (10897/10897=100.00%) (10897/1121408=0.97%)
15:09:05 INFO  G[0,15](s1<3000.00)^F[10,10](s2>65.00) (11048/11048=100.00%) (11048/1272064=0.87%)
15:09:05 INFO  F[6,10](s2>65.00)^G[0,15](s1<3000.00) (11014/11014=100.00%) (11014/1272832=0.87%)
15:09:05 INFO  F[7,10](s2>65.00)^G[0,15](s1<3000.00) (10962/10962=100.00%) (10962/1271296=0.86%)
15:09:05 INFO  G[0,15](s1<3000.00)^G[10,13](s2>65.00) (10966/10966=100.00%) (10966/1271936=0.86%)
15:09:05 INFO  F[8,10](s2>65.00)^G[0,15](s1<3000.00) (10957/10957=100.00%) (10957/1271168=0.86%)
15:09:05 INFO  F[8,8](s2>65.00)^G[0,15](s1<3000.00) (10962/10962=100.00%) (10962/1272704=0.86%)
15:09:05 INFO  G[10,11](s2>65.00)^G[0,15](s1<3000.00) (10945/10945=100.00%) (10945/1270912=0.86%)
15:09:05 INFO  G[10,12](s2>65.00)^G[0,15](s1<3000.00) (10946/10946=100.00%) (10946/1271296=0.86%)
15:09:05 INFO  G[0,15](s1<3000.00)^G[11,12](s2>65.00) (10940/10940=100.00%) (10940/1270912=0.86%)
15:09:05 INFO  F[7,8](s2>65.00)^G[0,15](s1<3000.00) (10951/10951=100.00%) (10951/1272192=0.86%)
15:09:05 INFO  G[11,13](s2>65.00)^G[0,15](s1<3000.00) (10928/10928=100.00%) (10928/1269632=0.86%)
15:09:05 INFO  G[0,15](s1<3000.00)^G[9,11](s2>65.00) (10945/10945=100.00%) (10945/1271680=0.86%)
15:09:05 INFO  G[0,15](s1<3000.00)^G[8,10](s2>65.00) (10946/10946=100.00%) (10946/1271936=0.86%)
15:09:05 INFO  G[0,15](s1<3000.00)^G[9,13](s2>65.00) (10940/10940=100.00%) (10940/1271424=0.86%)
15:09:05 INFO  G[0,15](s1<3000.00)^F[8,9](s2>65.00) (10932/10932=100.00%) (10932/1270656=0.86%)
15:09:05 INFO  G[0,15](s1<3000.00)^G[9,10](s2>65.00) (10935/10935=100.00%) (10935/1271168=0.86%)
15:09:05 INFO  G[8,9](s2>65.00)^G[0,15](s1<3000.00) (10931/10931=100.00%) (10931/1270912=0.86%)
15:09:05 INFO  G[8,11](s2>65.00)^G[0,15](s1<3000.00) (10934/10934=100.00%) (10934/1271296=0.86%)
15:09:05 INFO  G[0,15](s1<3000.00)^F[9,9](s2>65.00) (10931/10931=100.00%) (10931/1271040=0.86%)
15:09:05 INFO  F[9,10](s2>65.00)^G[0,15](s1<3000.00) (10928/10928=100.00%) (10928/1270784=0.86%)
15:09:05 INFO  G[12,15](s2>65.00)^G[0,15](s1<3000.00) (10924/10924=100.00%) (10924/1270400=0.86%)
15:09:05 INFO  G[13,15](s2>65.00)^G[0,15](s1<3000.00) (10926/10926=100.00%) (10926/1270656=0.86%)
15:09:05 INFO  G[0,15](s1<3000.00)^F[7,9](s2>65.00) (10929/10929=100.00%) (10929/1271040=0.86%)
15:09:05 INFO  F[6,8](s2>65.00)^G[0,15](s1<3000.00) (10944/10944=100.00%) (10944/1273216=0.86%)
15:09:05 INFO  G[0,15](s1<3000.00)^G[11,14](s2>65.00) (10923/10923=100.00%) (10923/1270784=0.86%)
15:09:05 INFO  G[0,15](s1<3000.00)^G[8,13](s2>65.00) (10920/10920=100.00%) (10920/1270528=0.86%)
15:09:05 INFO  G[14,15](s2>65.00)^G[0,15](s1<3000.00) (10918/10918=100.00%) (10918/1270400=0.86%)
15:09:05 INFO  G[10,14](s2>65.00)^G[0,15](s1<3000.00) (10919/10919=100.00%) (10919/1270528=0.86%)
15:09:05 INFO  G[9,12](s2>65.00)^G[0,15](s1<3000.00) (10931/10931=100.00%) (10931/1271936=0.86%)
15:09:05 INFO  G[0,15](s1<3000.00)^F[6,9](s2>65.00) (10915/10915=100.00%) (10915/1270656=0.86%)
15:09:05 INFO  G[10,15](s2>65.00)^G[0,15](s1<3000.00) (10907/10907=100.00%) (10907/1269760=0.86%)
15:09:05 INFO  G[8,12](s2>65.00)^G[0,15](s1<3000.00) (10914/10914=100.00%) (10914/1270656=0.86%)
15:09:05 INFO  F[6,7](s2>65.00)^G[0,15](s1<3000.00) (10916/10916=100.00%) (10916/1270912=0.86%)
15:09:05 INFO  G[9,14](s2>65.00)^G[0,15](s1<3000.00) (10911/10911=100.00%) (10911/1270400=0.86%)
15:09:05 INFO  G[0,15](s1<3000.00)^G[7,15](s2>65.00) (10919/10919=100.00%) (10919/1271424=0.86%)
15:09:05 INFO  G[0,15](s1<3000.00)^G[11,15](s2>65.00) (10904/10904=100.00%) (10904/1270016=0.86%)
15:09:05 INFO  G[0,15](s1<3000.00)^F[7,7](s2>65.00) (10934/10934=100.00%) (10934/1273728=0.86%)
15:09:05 INFO  G[7,11](s2>65.00)^G[0,15](s1<3000.00) (10931/10931=100.00%) (10931/1273600=0.86%)
15:09:05 INFO  G[7,8](s2>65.00)^G[0,15](s1<3000.00) (10910/10910=100.00%) (10910/1271296=0.86%)
15:09:05 INFO  G[8,14](s2>65.00)^G[0,15](s1<3000.00) (10898/10898=100.00%) (10898/1270016=0.86%)
15:09:05 INFO  G[0,15](s1<3000.00)^G[7,9](s2>65.00) (10912/10912=100.00%) (10912/1271680=0.86%)
15:09:05 INFO  G[9,15](s2>65.00)^G[0,15](s1<3000.00) (10901/10901=100.00%) (10901/1270400=0.86%)
15:09:05 INFO  G[7,10](s2>65.00)^G[0,15](s1<3000.00) (10904/10904=100.00%) (10904/1270784=0.86%)
15:09:05 INFO  G[8,15](s2>65.00)^G[0,15](s1<3000.00) (10906/10906=100.00%) (10906/1271168=0.86%)
15:09:05 INFO  G[0,15](s1<3000.00)^G[7,14](s2>65.00) (10909/10909=100.00%) (10909/1271552=0.86%)
15:09:05 INFO  G[0,15](s1<3000.00)^G[6,10](s2>65.00) (10911/10911=100.00%) (10911/1271808=0.86%)
15:09:05 INFO  G[7,13](s2>65.00)^G[0,15](s1<3000.00) (10905/10905=100.00%) (10905/1271296=0.86%)
15:09:05 INFO  G[0,15](s1<3000.00)^G[7,12](s2>65.00) (10904/10904=100.00%) (10904/1271424=0.86%)
15:09:05 INFO  G[6,11](s2>65.00)^G[0,15](s1<3000.00) (10910/10910=100.00%) (10910/1272576=0.86%)
15:09:05 INFO  G[0,15](s1<3000.00)^G[6,8](s2>65.00) (10911/10911=100.00%) (10911/1272832=0.86%)
15:09:05 INFO  G[0,15](s1<3000.00)^G[6,13](s2>65.00) (10900/10900=100.00%) (10900/1271552=0.86%)
15:09:05 INFO  G[6,14](s2>65.00)^G[0,15](s1<3000.00) (10891/10891=100.00%) (10891/1270528=0.86%)
15:09:05 INFO  G[0,15](s1<3000.00)^G[6,15](s2>65.00) (10887/10887=100.00%) (10887/1270144=0.86%)
15:09:05 INFO  G[6,9](s2>65.00)^G[0,15](s1<3000.00) (10910/10910=100.00%) (10910/1272832=0.86%)
15:09:05 INFO  G[0,15](s1<3000.00)^F[6,6](s2>65.00) (10905/10905=100.00%) (10905/1272320=0.86%)
15:09:05 INFO  G[0,15](s1<3000.00)^G[6,7](s2>65.00) (10899/10899=100.00%) (10899/1271680=0.86%)
15:09:05 INFO  G[6,12](s2>65.00)^G[0,15](s1<3000.00) (10899/10899=100.00%) (10899/1271808=0.86%)