22:28:35 INFO  Signal being analyzed:
[[   0.   1230.78 3035.55 3179.44 3956.17 4672.   3382.32 3667.53 3939.68
  4196.3  4435.56 4656.23 3643.3  3765.12 3881.26 3991.62 4096.15 4194.84
  4287.75 4374.98 4456.66]
 [   0.     10.35   25.53   42.78   53.23   62.86   71.11   77.11   82.83
    88.22   93.26   97.89  102.13  105.55  108.8   111.9   114.83  117.59
   120.2   122.64  124.93]]
22:28:35 INFO  Initializing primitives...
22:28:57 INFO  Done. 4794 primitives.
22:28:57 INFO  Move 1. Choosing best primitive...
22:35:37 INFO  F[0,20](s2>120.00) (12372/12372=100.00%) (12372/80128=15.44%)
22:35:37 INFO  F[7,20](s2>120.00) (12067/12067=100.00%) (12067/79232=15.23%)
22:35:37 INFO  F[10,20](s2>120.00) (12008/12008=100.00%) (12008/79104=15.18%)
22:35:37 INFO  F[8,20](s2>120.00) (11947/11947=100.00%) (11947/78848=15.15%)
22:35:37 INFO  F[4,20](s2>120.00) (11945/11945=100.00%) (11945/78848=15.15%)
22:35:37 INFO  F[5,20](s2>120.00) (11868/11868=100.00%) (11868/78592=15.10%)
22:35:37 INFO  F[14,20](s2>120.00) (11841/11841=100.00%) (11841/78592=15.07%)
22:35:37 INFO  F[13,20](s2>120.00) (11798/11798=100.00%) (11798/78336=15.06%)
22:35:37 INFO  F[1,20](s2>120.00) (11777/11777=100.00%) (11777/78208=15.06%)
22:35:37 INFO  F[12,20](s2>120.00) (11812/11812=100.00%) (11812/78464=15.05%)
22:35:37 INFO  F[2,20](s2>120.00) (11738/11738=100.00%) (11738/78080=15.03%)
22:35:37 INFO  F[19,20](s2>120.00) (5829/5829=100.00%) (5829/38784=15.03%)
22:35:37 INFO  F[20,20](s2>120.00) (5828/5828=100.00%) (5828/38784=15.03%)
22:35:37 INFO  F[6,20](s2>120.00) (11746/11746=100.00%) (11746/78208=15.02%)
22:35:37 INFO  F[16,20](s2>120.00) (11744/11744=100.00%) (11744/78208=15.02%)
22:35:37 INFO  F[11,20](s2>120.00) (11706/11706=100.00%) (11706/78080=14.99%)
22:35:37 INFO  F[17,20](s2>120.00) (11631/11631=100.00%) (11631/77824=14.95%)
22:35:37 INFO  F[18,20](s2>120.00) (11630/11630=100.00%) (11630/77824=14.94%)
22:35:37 INFO  F[3,20](s2>120.00) (11590/11590=100.00%) (11590/77568=14.94%)
22:35:37 INFO  F[9,20](s2>120.00) (11601/11601=100.00%) (11601/77696=14.93%)
22:35:37 INFO  F[19,19](s2>120.00) (5810/5810=100.00%) (5810/38912=14.93%)
22:35:37 INFO  F[15,20](s2>120.00) (11599/11599=100.00%) (11599/77696=14.93%)
22:35:37 INFO  G[19,20](s2>120.00) (5802/5802=100.00%) (5802/38912=14.91%)
22:35:37 INFO  F[12,19](s2>120.00) (5835/5835=100.00%) (5835/39296=14.85%)
22:35:37 INFO  F[1,19](s2>120.00) (5851/5851=100.00%) (5851/39424=14.84%)
22:35:37 INFO  F[17,19](s2>120.00) (5827/5827=100.00%) (5827/39296=14.83%)
22:35:37 INFO  F[16,19](s2>120.00) (5822/5822=100.00%) (5822/39296=14.82%)
22:35:37 INFO  F[9,19](s2>120.00) (5951/5951=100.00%) (5951/40192=14.81%)
22:35:37 INFO  F[18,19](s2>120.00) (5817/5817=100.00%) (5817/39296=14.80%)
22:35:37 INFO  F[8,19](s2>120.00) (5948/5948=100.00%) (5948/40192=14.80%)
22:35:37 INFO  F[7,19](s2>120.00) (5910/5910=100.00%) (5910/39936=14.80%)
22:35:37 INFO  F[6,19](s2>120.00) (5984/5984=100.00%) (5984/40448=14.79%)
22:35:37 INFO  F[2,19](s2>120.00) (5927/5927=100.00%) (5927/40064=14.79%)
22:35:37 INFO  F[14,19](s2>120.00) (5850/5850=100.00%) (5850/39552=14.79%)
22:35:37 INFO  F[5,19](s2>120.00) (5924/5924=100.00%) (5924/40064=14.79%)
22:35:37 INFO  F[4,19](s2>120.00) (5903/5903=100.00%) (5903/39936=14.78%)
22:35:37 INFO  F[0,19](s2>120.00) (5976/5976=100.00%) (5976/40448=14.77%)
22:35:37 INFO  F[13,19](s2>120.00) (5881/5881=100.00%) (5881/39808=14.77%)
22:35:37 INFO  F[10,19](s2>120.00) (5935/5935=100.00%) (5935/40192=14.77%)
22:35:37 INFO  F[3,19](s2>120.00) (6063/6063=100.00%) (6063/41088=14.76%)
22:35:37 INFO  F[15,19](s2>120.00) (5850/5850=100.00%) (5850/39680=14.74%)
22:35:37 INFO  F[11,19](s2>120.00) (5942/5942=100.00%) (5942/40320=14.74%)