22:14:59 INFO  Signal being analyzed:
[[   0.    742.01 1719.3  1808.88 2261.67 2728.59 3516.41 4273.21 4948.98
  3526.37 3805.4  2959.92 3032.89 3103.98 3173.13 3240.3 ]
 [   0.      6.24   14.46   24.34   30.43   36.71   47.32   57.5    66.59
    74.14   80.01   82.97   85.02   87.01   88.95   90.83]]
22:14:59 INFO  Initializing primitives...
22:15:50 INFO  Done. 7434 primitives.
22:15:50 INFO  Move 1. Choosing best primitive...
22:25:07 INFO  F[0,10](s1>4750.00) (11814/11814=100.00%) (11814/109312=10.81%)
22:25:07 INFO  F[4,10](s1>4750.00) (11722/11722=100.00%) (11722/109056=10.75%)
22:25:07 INFO  F[2,14](s1>4750.00) (11665/11665=100.00%) (11665/108544=10.75%)
22:25:07 INFO  F[1,10](s1>4750.00) (11650/11650=100.00%) (11650/108544=10.73%)
22:25:07 INFO  F[3,10](s1>4750.00) (11634/11634=100.00%) (11634/108544=10.72%)
22:25:07 INFO  F[5,10](s1>4750.00) (11628/11628=100.00%) (11628/108544=10.71%)
22:25:07 INFO  F[7,13](s1>4750.00) (11584/11584=100.00%) (11584/108288=10.70%)
22:25:07 INFO  F[1,9](s1>4750.00) (11564/11564=100.00%) (11564/108160=10.69%)
22:25:07 INFO  F[7,15](s1>4750.00) (11575/11575=100.00%) (11575/108288=10.69%)
22:25:07 INFO  F[4,12](s1>4750.00) (11517/11517=100.00%) (11517/107904=10.67%)
22:25:07 INFO  F[7,12](s1>4750.00) (11530/11530=100.00%) (11530/108032=10.67%)
22:25:07 INFO  F[7,14](s1>4750.00) (11529/11529=100.00%) (11529/108032=10.67%)
22:25:07 INFO  F[2,10](s1>4750.00) (11506/11506=100.00%) (11506/107904=10.66%)
22:25:07 INFO  F[3,13](s1>4750.00) (11460/11460=100.00%) (11460/107520=10.66%)
22:25:07 INFO  F[4,9](s1>4750.00) (11484/11484=100.00%) (11484/107776=10.66%)
22:25:07 INFO  F[2,13](s1>4750.00) (11470/11470=100.00%) (11470/107648=10.66%)
22:25:07 INFO  F[2,9](s1>4750.00) (11480/11480=100.00%) (11480/107776=10.65%)
22:25:07 INFO  F[8,15](s1>4750.00) (11491/11491=100.00%) (11491/107904=10.65%)
22:25:07 INFO  F[2,11](s1>4750.00) (11450/11450=100.00%) (11450/107520=10.65%)
22:25:07 INFO  F[6,14](s1>4750.00) (11448/11448=100.00%) (11448/107520=10.65%)
22:25:07 INFO  F[8,14](s1>4750.00) (11529/11529=100.00%) (11529/108288=10.65%)
22:25:07 INFO  F[0,9](s1>4750.00) (11446/11446=100.00%) (11446/107520=10.65%)
22:25:07 INFO  F[6,9](s1>4750.00) (11473/11473=100.00%) (11473/107776=10.65%)
22:25:07 INFO  F[2,8](s1>4750.00) (11527/11527=100.00%) (11527/108288=10.64%)
22:25:07 INFO  F[4,14](s1>4750.00) (11472/11472=100.00%) (11472/107776=10.64%)
22:25:07 INFO  F[7,11](s1>4750.00) (11458/11458=100.00%) (11458/107648=10.64%)
22:25:07 INFO  F[8,12](s1>4750.00) (11485/11485=100.00%) (11485/107904=10.64%)
22:25:07 INFO  F[3,8](s1>4750.00) (11498/11498=100.00%) (11498/108032=10.64%)
22:25:07 INFO  F[8,13](s1>4750.00) (11497/11497=100.00%) (11497/108032=10.64%)
22:25:07 INFO  F[5,11](s1>4750.00) (11455/11455=100.00%) (11455/107648=10.64%)
22:25:07 INFO  F[5,9](s1>4750.00) (11455/11455=100.00%) (11455/107648=10.64%)
22:25:07 INFO  F[3,9](s1>4750.00) (11453/11453=100.00%) (11453/107648=10.64%)
22:25:07 INFO  F[8,11](s1>4750.00) (11463/11463=100.00%) (11463/107776=10.64%)
22:25:07 INFO  F[6,10](s1>4750.00) (11448/11448=100.00%) (11448/107648=10.63%)
22:25:07 INFO  F[4,8](s1>4750.00) (11474/11474=100.00%) (11474/107904=10.63%)
22:25:07 INFO  F[7,10](s1>4750.00) (11460/11460=100.00%) (11460/107776=10.63%)
22:25:07 INFO  F[0,8](s1>4750.00) (11473/11473=100.00%) (11473/107904=10.63%)
22:25:07 INFO  F[1,8](s1>4750.00) (11473/11473=100.00%) (11473/107904=10.63%)
22:25:07 INFO  F[7,9](s1>4750.00) (11444/11444=100.00%) (11444/107648=10.63%)
22:25:07 INFO  F[5,8](s1>4750.00) (11438/11438=100.00%) (11438/107648=10.63%)
22:25:07 INFO  F[8,9](s1>4750.00) (11436/11436=100.00%) (11436/107648=10.62%)
22:25:07 INFO  F[8,10](s1>4750.00) (11448/11448=100.00%) (11448/107776=10.62%)
22:25:07 INFO  F[7,8](s1>4750.00) (11429/11429=100.00%) (11429/107648=10.62%)
22:25:07 INFO  F[8,8](s1>4750.00) (11425/11425=100.00%) (11425/107648=10.61%)
22:25:07 INFO  F[6,8](s1>4750.00) (11449/11449=100.00%) (11449/107904=10.61%)